[
    {
        "experiment_id": "MUT-616863E5",
        "timestamp": "2026-10-03T15:53:26",
        "event_id": 2,
        "record_number": 154778,
        "source": "Microsoft-Windows-IsolatedUserMode",
        "computer": "Hanu",
        "event_type": "WINDOWS_SYSTEM_EVENT",
        "category": "SYSTEM"
    },
    {
        "experiment_id": "MUT-616863E5",
        "timestamp": "2026-10-03T15:51:35",
        "event_id": 2,
        "record_number": 154777,
        "source": "Microsoft-Windows-IsolatedUserMode",
        "computer": "Hanu",
        "event_type": "WINDOWS_SYSTEM_EVENT",
        "category": "SYSTEM"
    },
    {
        "experiment_id": "MUT-616863E5",
        "timestamp": "2026-10-03T15:51:05",
        "event_id": 5,
        "record_number": 154776,
        "source": "Microsoft-Windows-IsolatedUserMode",
        "computer": "Hanu",
        "event_type": "WINDOWS_SYSTEM_EVENT",
        "category": "SYSTEM"
    },
    {
        "experiment_id": "MUT-616863E5",
        "timestamp": "2026-10-03T15:50:58",
        "event_id": 2,
        "record_number": 154775,
        "source": "Microsoft-Windows-IsolatedUserMode",
        "computer": "Hanu",
        "event_type": "WINDOWS_SYSTEM_EVENT",
        "category": "SYSTEM"
    },
    {
        "experiment_id": "MUT-616863E5",
        "timestamp": "2026-10-03T15:50:28",
        "event_id": 5,
        "record_number": 154774,
        "source": "Microsoft-Windows-IsolatedUserMode",
        "computer": "Hanu",
        "event_type": "WINDOWS_SYSTEM_EVENT",
        "category": "SYSTEM"
    },
    {
        "experiment_id": "MUT-616863E5",
        "timestamp": "2026-10-03T15:50:28",
        "event_id": 5,
        "record_number": 154773,
        "source": "Microsoft-Windows-IsolatedUserMode",
        "computer": "Hanu",
        "event_type": "WINDOWS_SYSTEM_EVENT",
        "category": "SYSTEM"
    },
    {
        "experiment_id": "MUT-616863E5",
        "timestamp": "2026-10-03T15:50:27",
        "event_id": 566,
        "record_number": 154772,
        "source": "Microsoft-Windows-Kernel-Power",
        "computer": "Hanu",
        "event_type": "WINDOWS_SYSTEM_EVENT",
        "category": "SYSTEM"
    },
    {
        "experiment_id": "MUT-616863E5",
        "timestamp": "2026-10-03T15:50:27",
        "event_id": 507,
        "record_number": 154771,
        "source": "Microsoft-Windows-Kernel-Power",
        "computer": "Hanu",
        "event_type": "WINDOWS_SYSTEM_EVENT",
        "category": "SYSTEM"
    },
    {
        "experiment_id": "MUT-616863E5",
        "timestamp": "2026-10-03T15:50:26",
        "event_id": 158,
        "record_number": 154770,
        "source": "Microsoft-Windows-Time-Service",
        "computer": "Hanu",
        "event_type": "WINDOWS_SYSTEM_EVENT",
        "category": "SYSTEM"
    },
    {
        "experiment_id": "MUT-616863E5",
        "timestamp": "2026-10-03T14:52:24",
        "event_id": 158,
        "record_number": 154769,
        "source": "Microsoft-Windows-Time-Service",
        "computer": "Hanu",
        "event_type": "WINDOWS_SYSTEM_EVENT",
        "category": "SYSTEM"
    },
    {
        "experiment_id": "MUT-616863E5",
        "timestamp": "2026-10-03T14:48:23",
        "event_id": 566,
        "record_number": 154768,
        "source": "Microsoft-Windows-Kernel-Power",
        "computer": "Hanu",
        "event_type": "WINDOWS_SYSTEM_EVENT",
        "category": "SYSTEM"
    },
    {
        "experiment_id": "MUT-616863E5",
        "timestamp": "2026-10-03T14:48:23",
        "event_id": 506,
        "record_number": 154767,
        "source": "Microsoft-Windows-Kernel-Power",
        "computer": "Hanu",
        "event_type": "WINDOWS_SYSTEM_EVENT",
        "category": "SYSTEM"
    },
    {
        "experiment_id": "MUT-616863E5",
        "timestamp": "2026-10-03T14:48:23",
        "event_id": 566,
        "record_number": 154766,
        "source": "Microsoft-Windows-Kernel-Power",
        "computer": "Hanu",
        "event_type": "WINDOWS_SYSTEM_EVENT",
        "category": "SYSTEM"
    },
    {
        "experiment_id": "MUT-616863E5",
        "timestamp": "2026-10-03T14:48:23",
        "event_id": 507,
        "record_number": 154765,
        "source": "Microsoft-Windows-Kernel-Power",
        "computer": "Hanu",
        "event_type": "WINDOWS_SYSTEM_EVENT",
        "category": "SYSTEM"
    },
    {
        "experiment_id": "MUT-616863E5",
        "timestamp": "2026-10-03T14:43:16",
        "event_id": 566,
        "record_number": 154764,
        "source": "Microsoft-Windows-Kernel-Power",
        "computer": "Hanu",
        "event_type": "WINDOWS_SYSTEM_EVENT",
        "category": "SYSTEM"
    },
    {
        "experiment_id": "MUT-616863E5",
        "timestamp": "2026-10-03T14:34:42",
        "event_id": 16,
        "record_number": 154763,
        "source": "Microsoft-Windows-Kernel-General",
        "computer": "Hanu",
        "event_type": "WINDOWS_SYSTEM_EVENT",
        "category": "SYSTEM"
    },
    {
        "experiment_id": "MUT-616863E5",
        "timestamp": "2026-10-03T14:32:02",
        "event_id": 158,
        "record_number": 154762,
        "source": "Microsoft-Windows-Time-Service",
        "computer": "Hanu",
        "event_type": "WINDOWS_SYSTEM_EVENT",
        "category": "SYSTEM"
    },
    {
        "experiment_id": "MUT-616863E5",
        "timestamp": "2026-10-03T14:29:35",
        "event_id": 506,
        "record_number": 154761,
        "source": "Microsoft-Windows-Kernel-Power",
        "computer": "Hanu",
        "event_type": "WINDOWS_SYSTEM_EVENT",
        "category": "SYSTEM"
    },
    {
        "experiment_id": "MUT-616863E5",
        "timestamp": "2026-10-03T14:29:35",
        "event_id": 566,
        "record_number": 154760,
        "source": "Microsoft-Windows-Kernel-Power",
        "computer": "Hanu",
        "event_type": "WINDOWS_SYSTEM_EVENT",
        "category": "SYSTEM"
    },
    {
        "experiment_id": "MUT-616863E5",
        "timestamp": "2026-10-03T14:29:00",
        "event_id": 566,
        "record_number": 154759,
        "source": "Microsoft-Windows-Kernel-Power",
        "computer": "Hanu",
        "event_type": "WINDOWS_SYSTEM_EVENT",
        "category": "SYSTEM"
    }
]