[
    {
        "experiment_id": "MUT-6EDACE36",
        "timestamp": "2026-09-29T12:00:00",
        "event_id": 6013,
        "record_number": 153285,
        "source": "EventLog",
        "computer": "Hanu",
        "event_type": "WINDOWS_SYSTEM_EVENT",
        "category": "SYSTEM"
    },
    {
        "experiment_id": "MUT-6EDACE36",
        "timestamp": "2026-09-29T11:56:07",
        "event_id": 98,
        "record_number": 153284,
        "source": "Microsoft-Windows-Ntfs",
        "computer": "Hanu",
        "event_type": "WINDOWS_SYSTEM_EVENT",
        "category": "SYSTEM"
    },
    {
        "experiment_id": "MUT-6EDACE36",
        "timestamp": "2026-09-29T11:52:11",
        "event_id": 7040,
        "record_number": 153283,
        "source": "Service Control Manager",
        "computer": "Hanu",
        "event_type": "WINDOWS_SYSTEM_EVENT",
        "category": "SERVICE_CONFIGURATION_CHANGE"
    },
    {
        "experiment_id": "MUT-6EDACE36",
        "timestamp": "2026-09-29T11:51:41",
        "event_id": 7040,
        "record_number": 153282,
        "source": "Service Control Manager",
        "computer": "Hanu",
        "event_type": "WINDOWS_SYSTEM_EVENT",
        "category": "SERVICE_CONFIGURATION_CHANGE"
    },
    {
        "experiment_id": "MUT-6EDACE36",
        "timestamp": "2026-09-29T11:51:21",
        "event_id": 16,
        "record_number": 153281,
        "source": "Microsoft-Windows-Kernel-General",
        "computer": "Hanu",
        "event_type": "WINDOWS_SYSTEM_EVENT",
        "category": "SYSTEM"
    },
    {
        "experiment_id": "MUT-6EDACE36",
        "timestamp": "2026-09-29T11:48:09",
        "event_id": 16,
        "record_number": 153280,
        "source": "Microsoft-Windows-Kernel-General",
        "computer": "Hanu",
        "event_type": "WINDOWS_SYSTEM_EVENT",
        "category": "SYSTEM"
    },
    {
        "experiment_id": "MUT-6EDACE36",
        "timestamp": "2026-09-29T11:46:36",
        "event_id": 19,
        "record_number": 153279,
        "source": "Microsoft-Windows-WindowsUpdateClient",
        "computer": "Hanu",
        "event_type": "WINDOWS_SYSTEM_EVENT",
        "category": "SYSTEM"
    },
    {
        "experiment_id": "MUT-6EDACE36",
        "timestamp": "2026-09-29T11:45:28",
        "event_id": 43,
        "record_number": 153278,
        "source": "Microsoft-Windows-WindowsUpdateClient",
        "computer": "Hanu",
        "event_type": "WINDOWS_SYSTEM_EVENT",
        "category": "SYSTEM"
    },
    {
        "experiment_id": "MUT-6EDACE36",
        "timestamp": "2026-09-29T11:45:28",
        "event_id": 44,
        "record_number": 153277,
        "source": "Microsoft-Windows-WindowsUpdateClient",
        "computer": "Hanu",
        "event_type": "WINDOWS_SYSTEM_EVENT",
        "category": "SYSTEM"
    },
    {
        "experiment_id": "MUT-6EDACE36",
        "timestamp": "2026-09-29T11:44:21",
        "event_id": 1038,
        "record_number": 153276,
        "source": "Microsoft-Windows-TPM-WMI",
        "computer": "Hanu",
        "event_type": "WINDOWS_SYSTEM_EVENT",
        "category": "SYSTEM"
    },
    {
        "experiment_id": "MUT-6EDACE36",
        "timestamp": "2026-09-29T11:44:21",
        "event_id": 1041,
        "record_number": 153275,
        "source": "Microsoft-Windows-TPM-WMI",
        "computer": "Hanu",
        "event_type": "WINDOWS_SYSTEM_EVENT",
        "category": "SYSTEM"
    },
    {
        "experiment_id": "MUT-6EDACE36",
        "timestamp": "2026-09-29T11:44:15",
        "event_id": 6062,
        "record_number": 153274,
        "source": "Netwtw14",
        "computer": "Hanu",
        "event_type": "WINDOWS_SYSTEM_EVENT",
        "category": "SYSTEM"
    },
    {
        "experiment_id": "MUT-6EDACE36",
        "timestamp": "2026-09-29T11:44:14",
        "event_id": 1,
        "record_number": 153273,
        "source": "Microsoft-Windows-Kernel-General",
        "computer": "Hanu",
        "event_type": "WINDOWS_SYSTEM_EVENT",
        "category": "SYSTEM"
    },
    {
        "experiment_id": "MUT-6EDACE36",
        "timestamp": "2026-09-29T11:44:14",
        "event_id": 21,
        "record_number": 153272,
        "source": "Microsoft-Windows-HAL",
        "computer": "Hanu",
        "event_type": "WINDOWS_SYSTEM_EVENT",
        "category": "SYSTEM"
    },
    {
        "experiment_id": "MUT-6EDACE36",
        "timestamp": "2026-09-29T11:44:14",
        "event_id": 20,
        "record_number": 153271,
        "source": "Microsoft-Windows-HAL",
        "computer": "Hanu",
        "event_type": "WINDOWS_SYSTEM_EVENT",
        "category": "SYSTEM"
    },
    {
        "experiment_id": "MUT-6EDACE36",
        "timestamp": "2026-09-29T11:44:14",
        "event_id": 24,
        "record_number": 153270,
        "source": "Microsoft-Windows-Kernel-General",
        "computer": "Hanu",
        "event_type": "WINDOWS_SYSTEM_EVENT",
        "category": "SYSTEM"
    },
    {
        "experiment_id": "MUT-6EDACE36",
        "timestamp": "2026-09-29T11:44:14",
        "event_id": 35,
        "record_number": 153269,
        "source": "Microsoft-Windows-Time-Service",
        "computer": "Hanu",
        "event_type": "WINDOWS_SYSTEM_EVENT",
        "category": "SYSTEM"
    },
    {
        "experiment_id": "MUT-6EDACE36",
        "timestamp": "2026-09-29T11:44:12",
        "event_id": 37,
        "record_number": 153268,
        "source": "Microsoft-Windows-Time-Service",
        "computer": "Hanu",
        "event_type": "WINDOWS_SYSTEM_EVENT",
        "category": "SYSTEM"
    },
    {
        "experiment_id": "MUT-6EDACE36",
        "timestamp": "2026-09-29T11:44:09",
        "event_id": 7003,
        "record_number": 153267,
        "source": "Netwtw14",
        "computer": "Hanu",
        "event_type": "WINDOWS_SYSTEM_EVENT",
        "category": "SYSTEM"
    },
    {
        "experiment_id": "MUT-6EDACE36",
        "timestamp": "2026-09-29T11:44:09",
        "event_id": 7021,
        "record_number": 153266,
        "source": "Netwtw14",
        "computer": "Hanu",
        "event_type": "WINDOWS_SYSTEM_EVENT",
        "category": "SYSTEM"
    }
]