[
    {
        "experiment_id": "SYS-TEST-001",
        "timestamp": "2026-10-03T15:51:30",
        "event_id": 256,
        "record_number": 38409,
        "source": "Edge",
        "computer": "Hanu",
        "event_type": "OTHER",
        "category": "OTHER",
        "process": {
            "pid": null,
            "parent_pid": null,
            "image": null,
            "command_line": null,
            "parent_image": null,
            "user": null
        },
        "file": {
            "target_filename": null,
            "creation_utc_time": null
        },
        "network": {
            "source_ip": null,
            "source_port": null,
            "destination_ip": null,
            "destination_port": null,
            "protocol": null
        },
        "dns": {
            "query_name": null,
            "query_status": null,
            "query_results": null
        },
        "registry": {
            "target_object": null,
            "details": null
        },
        "raw_data": {}
    },
    {
        "experiment_id": "SYS-TEST-001",
        "timestamp": "2026-10-03T15:50:59",
        "event_id": 16384,
        "record_number": 38408,
        "source": "Software Protection Platform Service",
        "computer": "Hanu",
        "event_type": "OTHER",
        "category": "OTHER",
        "process": {
            "pid": null,
            "parent_pid": null,
            "image": null,
            "command_line": null,
            "parent_image": null,
            "user": null
        },
        "file": {
            "target_filename": null,
            "creation_utc_time": null
        },
        "network": {
            "source_ip": null,
            "source_port": null,
            "destination_ip": null,
            "destination_port": null,
            "protocol": null
        },
        "dns": {
            "query_name": null,
            "query_status": null,
            "query_results": null
        },
        "registry": {
            "target_object": null,
            "details": null
        },
        "raw_data": {}
    },
    {
        "experiment_id": "SYS-TEST-001",
        "timestamp": "2026-10-03T15:50:27",
        "event_id": 16394,
        "record_number": 38407,
        "source": "Software Protection Platform Service",
        "computer": "Hanu",
        "event_type": "OTHER",
        "category": "OTHER",
        "process": {
            "pid": null,
            "parent_pid": null,
            "image": null,
            "command_line": null,
            "parent_image": null,
            "user": null
        },
        "file": {
            "target_filename": null,
            "creation_utc_time": null
        },
        "network": {
            "source_ip": null,
            "source_port": null,
            "destination_ip": null,
            "destination_port": null,
            "protocol": null
        },
        "dns": {
            "query_name": null,
            "query_status": null,
            "query_results": null
        },
        "registry": {
            "target_object": null,
            "details": null
        },
        "raw_data": {}
    },
    {
        "experiment_id": "SYS-TEST-001",
        "timestamp": "2026-10-03T15:50:26",
        "event_id": 0,
        "record_number": 38406,
        "source": "FusionService",
        "computer": "Hanu",
        "event_type": "OTHER",
        "category": "OTHER",
        "process": {
            "pid": null,
            "parent_pid": null,
            "image": null,
            "command_line": null,
            "parent_image": null,
            "user": null
        },
        "file": {
            "target_filename": null,
            "creation_utc_time": null
        },
        "network": {
            "source_ip": null,
            "source_port": null,
            "destination_ip": null,
            "destination_port": null,
            "protocol": null
        },
        "dns": {
            "query_name": null,
            "query_status": null,
            "query_results": null
        },
        "registry": {
            "target_object": null,
            "details": null
        },
        "raw_data": {}
    },
    {
        "experiment_id": "SYS-TEST-001",
        "timestamp": "2026-10-03T15:50:25",
        "event_id": 0,
        "record_number": 38405,
        "source": "Dell SupportAssist Remediation",
        "computer": "Hanu",
        "event_type": "OTHER",
        "category": "OTHER",
        "process": {
            "pid": null,
            "parent_pid": null,
            "image": null,
            "command_line": null,
            "parent_image": null,
            "user": null
        },
        "file": {
            "target_filename": null,
            "creation_utc_time": null
        },
        "network": {
            "source_ip": null,
            "source_port": null,
            "destination_ip": null,
            "destination_port": null,
            "protocol": null
        },
        "dns": {
            "query_name": null,
            "query_status": null,
            "query_results": null
        },
        "registry": {
            "target_object": null,
            "details": null
        },
        "raw_data": {}
    },
    {
        "experiment_id": "SYS-TEST-001",
        "timestamp": "2026-10-03T15:50:25",
        "event_id": 0,
        "record_number": 38404,
        "source": "SupportAssistAgent",
        "computer": "Hanu",
        "event_type": "OTHER",
        "category": "OTHER",
        "process": {
            "pid": null,
            "parent_pid": null,
            "image": null,
            "command_line": null,
            "parent_image": null,
            "user": null
        },
        "file": {
            "target_filename": null,
            "creation_utc_time": null
        },
        "network": {
            "source_ip": null,
            "source_port": null,
            "destination_ip": null,
            "destination_port": null,
            "protocol": null
        },
        "dns": {
            "query_name": null,
            "query_status": null,
            "query_results": null
        },
        "registry": {
            "target_object": null,
            "details": null
        },
        "raw_data": {}
    },
    {
        "experiment_id": "SYS-TEST-001",
        "timestamp": "2026-10-03T14:33:25",
        "event_id": 16384,
        "record_number": 38403,
        "source": "Software Protection Platform Service",
        "computer": "Hanu",
        "event_type": "OTHER",
        "category": "OTHER",
        "process": {
            "pid": null,
            "parent_pid": null,
            "image": null,
            "command_line": null,
            "parent_image": null,
            "user": null
        },
        "file": {
            "target_filename": null,
            "creation_utc_time": null
        },
        "network": {
            "source_ip": null,
            "source_port": null,
            "destination_ip": null,
            "destination_port": null,
            "protocol": null
        },
        "dns": {
            "query_name": null,
            "query_status": null,
            "query_results": null
        },
        "registry": {
            "target_object": null,
            "details": null
        },
        "raw_data": {}
    },
    {
        "experiment_id": "SYS-TEST-001",
        "timestamp": "2026-10-03T14:32:55",
        "event_id": 16394,
        "record_number": 38402,
        "source": "Software Protection Platform Service",
        "computer": "Hanu",
        "event_type": "OTHER",
        "category": "OTHER",
        "process": {
            "pid": null,
            "parent_pid": null,
            "image": null,
            "command_line": null,
            "parent_image": null,
            "user": null
        },
        "file": {
            "target_filename": null,
            "creation_utc_time": null
        },
        "network": {
            "source_ip": null,
            "source_port": null,
            "destination_ip": null,
            "destination_port": null,
            "protocol": null
        },
        "dns": {
            "query_name": null,
            "query_status": null,
            "query_results": null
        },
        "registry": {
            "target_object": null,
            "details": null
        },
        "raw_data": {}
    },
    {
        "experiment_id": "SYS-TEST-001",
        "timestamp": "2026-10-03T14:21:41",
        "event_id": 15,
        "record_number": 38401,
        "source": "SecurityCenter",
        "computer": "Hanu",
        "event_type": "FILE_STREAM_CREATED",
        "category": "FILE",
        "process": {
            "pid": null,
            "parent_pid": null,
            "image": null,
            "command_line": null,
            "parent_image": null,
            "user": null
        },
        "file": {
            "target_filename": null,
            "creation_utc_time": null
        },
        "network": {
            "source_ip": null,
            "source_port": null,
            "destination_ip": null,
            "destination_port": null,
            "protocol": null
        },
        "dns": {
            "query_name": null,
            "query_status": null,
            "query_results": null
        },
        "registry": {
            "target_object": null,
            "details": null
        },
        "raw_data": {}
    },
    {
        "experiment_id": "SYS-TEST-001",
        "timestamp": "2026-10-03T14:20:24",
        "event_id": 1001,
        "record_number": 38400,
        "source": "Windows Error Reporting",
        "computer": "Hanu",
        "event_type": "OTHER",
        "category": "OTHER",
        "process": {
            "pid": null,
            "parent_pid": null,
            "image": null,
            "command_line": null,
            "parent_image": null,
            "user": null
        },
        "file": {
            "target_filename": null,
            "creation_utc_time": null
        },
        "network": {
            "source_ip": null,
            "source_port": null,
            "destination_ip": null,
            "destination_port": null,
            "protocol": null
        },
        "dns": {
            "query_name": null,
            "query_status": null,
            "query_results": null
        },
        "registry": {
            "target_object": null,
            "details": null
        },
        "raw_data": {}
    },
    {
        "experiment_id": "SYS-TEST-001",
        "timestamp": "2026-10-03T14:20:19",
        "event_id": 1001,
        "record_number": 38399,
        "source": "Windows Error Reporting",
        "computer": "Hanu",
        "event_type": "OTHER",
        "category": "OTHER",
        "process": {
            "pid": null,
            "parent_pid": null,
            "image": null,
            "command_line": null,
            "parent_image": null,
            "user": null
        },
        "file": {
            "target_filename": null,
            "creation_utc_time": null
        },
        "network": {
            "source_ip": null,
            "source_port": null,
            "destination_ip": null,
            "destination_port": null,
            "protocol": null
        },
        "dns": {
            "query_name": null,
            "query_status": null,
            "query_results": null
        },
        "registry": {
            "target_object": null,
            "details": null
        },
        "raw_data": {}
    },
    {
        "experiment_id": "SYS-TEST-001",
        "timestamp": "2026-10-03T14:17:27",
        "event_id": 8224,
        "record_number": 38398,
        "source": "VSS",
        "computer": "Hanu",
        "event_type": "OTHER",
        "category": "OTHER",
        "process": {
            "pid": null,
            "parent_pid": null,
            "image": null,
            "command_line": null,
            "parent_image": null,
            "user": null
        },
        "file": {
            "target_filename": null,
            "creation_utc_time": null
        },
        "network": {
            "source_ip": null,
            "source_port": null,
            "destination_ip": null,
            "destination_port": null,
            "protocol": null
        },
        "dns": {
            "query_name": null,
            "query_status": null,
            "query_results": null
        },
        "registry": {
            "target_object": null,
            "details": null
        },
        "raw_data": {}
    },
    {
        "experiment_id": "SYS-TEST-001",
        "timestamp": "2026-10-03T14:15:06",
        "event_id": 0,
        "record_number": 38397,
        "source": "edgeupdate",
        "computer": "Hanu",
        "event_type": "OTHER",
        "category": "OTHER",
        "process": {
            "pid": null,
            "parent_pid": null,
            "image": null,
            "command_line": null,
            "parent_image": null,
            "user": null
        },
        "file": {
            "target_filename": null,
            "creation_utc_time": null
        },
        "network": {
            "source_ip": null,
            "source_port": null,
            "destination_ip": null,
            "destination_port": null,
            "protocol": null
        },
        "dns": {
            "query_name": null,
            "query_status": null,
            "query_results": null
        },
        "registry": {
            "target_object": null,
            "details": null
        },
        "raw_data": {}
    },
    {
        "experiment_id": "SYS-TEST-001",
        "timestamp": "2026-10-03T14:14:44",
        "event_id": 258,
        "record_number": 38396,
        "source": "Microsoft-Windows-Defrag",
        "computer": "Hanu",
        "event_type": "OTHER",
        "category": "OTHER",
        "process": {
            "pid": null,
            "parent_pid": null,
            "image": null,
            "command_line": null,
            "parent_image": null,
            "user": null
        },
        "file": {
            "target_filename": null,
            "creation_utc_time": null
        },
        "network": {
            "source_ip": null,
            "source_port": null,
            "destination_ip": null,
            "destination_port": null,
            "protocol": null
        },
        "dns": {
            "query_name": null,
            "query_status": null,
            "query_results": null
        },
        "registry": {
            "target_object": null,
            "details": null
        },
        "raw_data": {}
    },
    {
        "experiment_id": "SYS-TEST-001",
        "timestamp": "2026-10-03T14:14:44",
        "event_id": 258,
        "record_number": 38395,
        "source": "Microsoft-Windows-Defrag",
        "computer": "Hanu",
        "event_type": "OTHER",
        "category": "OTHER",
        "process": {
            "pid": null,
            "parent_pid": null,
            "image": null,
            "command_line": null,
            "parent_image": null,
            "user": null
        },
        "file": {
            "target_filename": null,
            "creation_utc_time": null
        },
        "network": {
            "source_ip": null,
            "source_port": null,
            "destination_ip": null,
            "destination_port": null,
            "protocol": null
        },
        "dns": {
            "query_name": null,
            "query_status": null,
            "query_results": null
        },
        "registry": {
            "target_object": null,
            "details": null
        },
        "raw_data": {}
    },
    {
        "experiment_id": "SYS-TEST-001",
        "timestamp": "2026-10-03T14:14:44",
        "event_id": 15,
        "record_number": 38394,
        "source": "SecurityCenter",
        "computer": "Hanu",
        "event_type": "FILE_STREAM_CREATED",
        "category": "FILE",
        "process": {
            "pid": null,
            "parent_pid": null,
            "image": null,
            "command_line": null,
            "parent_image": null,
            "user": null
        },
        "file": {
            "target_filename": null,
            "creation_utc_time": null
        },
        "network": {
            "source_ip": null,
            "source_port": null,
            "destination_ip": null,
            "destination_port": null,
            "protocol": null
        },
        "dns": {
            "query_name": null,
            "query_status": null,
            "query_results": null
        },
        "registry": {
            "target_object": null,
            "details": null
        },
        "raw_data": {}
    },
    {
        "experiment_id": "SYS-TEST-001",
        "timestamp": "2026-10-03T14:14:44",
        "event_id": 258,
        "record_number": 38393,
        "source": "Microsoft-Windows-Defrag",
        "computer": "Hanu",
        "event_type": "OTHER",
        "category": "OTHER",
        "process": {
            "pid": null,
            "parent_pid": null,
            "image": null,
            "command_line": null,
            "parent_image": null,
            "user": null
        },
        "file": {
            "target_filename": null,
            "creation_utc_time": null
        },
        "network": {
            "source_ip": null,
            "source_port": null,
            "destination_ip": null,
            "destination_port": null,
            "protocol": null
        },
        "dns": {
            "query_name": null,
            "query_status": null,
            "query_results": null
        },
        "registry": {
            "target_object": null,
            "details": null
        },
        "raw_data": {}
    },
    {
        "experiment_id": "SYS-TEST-001",
        "timestamp": "2026-10-03T14:14:44",
        "event_id": 258,
        "record_number": 38392,
        "source": "Microsoft-Windows-Defrag",
        "computer": "Hanu",
        "event_type": "OTHER",
        "category": "OTHER",
        "process": {
            "pid": null,
            "parent_pid": null,
            "image": null,
            "command_line": null,
            "parent_image": null,
            "user": null
        },
        "file": {
            "target_filename": null,
            "creation_utc_time": null
        },
        "network": {
            "source_ip": null,
            "source_port": null,
            "destination_ip": null,
            "destination_port": null,
            "protocol": null
        },
        "dns": {
            "query_name": null,
            "query_status": null,
            "query_results": null
        },
        "registry": {
            "target_object": null,
            "details": null
        },
        "raw_data": {}
    },
    {
        "experiment_id": "SYS-TEST-001",
        "timestamp": "2026-10-03T14:14:26",
        "event_id": 8231,
        "record_number": 38391,
        "source": "VSS",
        "computer": "Hanu",
        "event_type": "OTHER",
        "category": "OTHER",
        "process": {
            "pid": null,
            "parent_pid": null,
            "image": null,
            "command_line": null,
            "parent_image": null,
            "user": null
        },
        "file": {
            "target_filename": null,
            "creation_utc_time": null
        },
        "network": {
            "source_ip": null,
            "source_port": null,
            "destination_ip": null,
            "destination_port": null,
            "protocol": null
        },
        "dns": {
            "query_name": null,
            "query_status": null,
            "query_results": null
        },
        "registry": {
            "target_object": null,
            "details": null
        },
        "raw_data": {}
    },
    {
        "experiment_id": "SYS-TEST-001",
        "timestamp": "2026-10-03T14:13:40",
        "event_id": 1001,
        "record_number": 38390,
        "source": "Windows Error Reporting",
        "computer": "Hanu",
        "event_type": "OTHER",
        "category": "OTHER",
        "process": {
            "pid": null,
            "parent_pid": null,
            "image": null,
            "command_line": null,
            "parent_image": null,
            "user": null
        },
        "file": {
            "target_filename": null,
            "creation_utc_time": null
        },
        "network": {
            "source_ip": null,
            "source_port": null,
            "destination_ip": null,
            "destination_port": null,
            "protocol": null
        },
        "dns": {
            "query_name": null,
            "query_status": null,
            "query_results": null
        },
        "registry": {
            "target_object": null,
            "details": null
        },
        "raw_data": {}
    }
]