[
    {
        "experiment_id": "SYSMON-TEST-001",
        "event_id": 16384,
        "record_number": 36958,
        "source": "Software Protection Platform Service",
        "computer": "Hanu",
        "timestamp": "2026-09-27 14:13:04",
        "event_type": "OTHER"
    },
    {
        "experiment_id": "SYSMON-TEST-001",
        "event_id": 16394,
        "record_number": 36957,
        "source": "Software Protection Platform Service",
        "computer": "Hanu",
        "timestamp": "2026-09-27 14:11:45",
        "event_type": "OTHER"
    },
    {
        "experiment_id": "SYSMON-TEST-001",
        "event_id": 8224,
        "record_number": 36956,
        "source": "VSS",
        "computer": "Hanu",
        "timestamp": "2026-09-27 14:01:30",
        "event_type": "OTHER"
    },
    {
        "experiment_id": "SYSMON-TEST-001",
        "event_id": 16384,
        "record_number": 36955,
        "source": "Software Protection Platform Service",
        "computer": "Hanu",
        "timestamp": "2026-09-27 13:59:04",
        "event_type": "OTHER"
    },
    {
        "experiment_id": "SYSMON-TEST-001",
        "event_id": 16394,
        "record_number": 36954,
        "source": "Software Protection Platform Service",
        "computer": "Hanu",
        "timestamp": "2026-09-27 13:58:34",
        "event_type": "OTHER"
    },
    {
        "experiment_id": "SYSMON-TEST-001",
        "event_id": 8231,
        "record_number": 36953,
        "source": "VSS",
        "computer": "Hanu",
        "timestamp": "2026-09-27 13:58:29",
        "event_type": "OTHER"
    },
    {
        "experiment_id": "SYSMON-TEST-001",
        "event_id": 16384,
        "record_number": 36952,
        "source": "Software Protection Platform Service",
        "computer": "Hanu",
        "timestamp": "2026-09-27 13:37:56",
        "event_type": "OTHER"
    },
    {
        "experiment_id": "SYSMON-TEST-001",
        "event_id": 16394,
        "record_number": 36951,
        "source": "Software Protection Platform Service",
        "computer": "Hanu",
        "timestamp": "2026-09-27 13:37:26",
        "event_type": "OTHER"
    },
    {
        "experiment_id": "SYSMON-TEST-001",
        "event_id": 16384,
        "record_number": 36950,
        "source": "Software Protection Platform Service",
        "computer": "Hanu",
        "timestamp": "2026-09-27 13:09:42",
        "event_type": "OTHER"
    },
    {
        "experiment_id": "SYSMON-TEST-001",
        "event_id": 16394,
        "record_number": 36949,
        "source": "Software Protection Platform Service",
        "computer": "Hanu",
        "timestamp": "2026-09-27 13:09:11",
        "event_type": "OTHER"
    },
    {
        "experiment_id": "SYSMON-TEST-001",
        "event_id": 0,
        "record_number": 36948,
        "source": "edgeupdate",
        "computer": "Hanu",
        "timestamp": "2026-09-27 12:36:57",
        "event_type": "OTHER"
    },
    {
        "experiment_id": "SYSMON-TEST-001",
        "event_id": 256,
        "record_number": 36947,
        "source": "Chrome",
        "computer": "Hanu",
        "timestamp": "2026-09-27 12:35:53",
        "event_type": "OTHER"
    },
    {
        "experiment_id": "SYSMON-TEST-001",
        "event_id": 2562,
        "record_number": 36946,
        "source": "Microsoft-Windows-AppXDeploymentServer/Operational",
        "computer": "Hanu",
        "timestamp": "2026-09-27 12:35:20",
        "event_type": "OTHER"
    },
    {
        "experiment_id": "SYSMON-TEST-001",
        "event_id": 0,
        "record_number": 36945,
        "source": "edgeupdate",
        "computer": "Hanu",
        "timestamp": "2026-09-27 12:34:30",
        "event_type": "OTHER"
    },
    {
        "experiment_id": "SYSMON-TEST-001",
        "event_id": 1001,
        "record_number": 36944,
        "source": "Windows Error Reporting",
        "computer": "Hanu",
        "timestamp": "2026-09-27 12:27:34",
        "event_type": "OTHER"
    },
    {
        "experiment_id": "SYSMON-TEST-001",
        "event_id": 16384,
        "record_number": 36943,
        "source": "Software Protection Platform Service",
        "computer": "Hanu",
        "timestamp": "2026-09-27 12:27:18",
        "event_type": "OTHER"
    },
    {
        "experiment_id": "SYSMON-TEST-001",
        "event_id": 1000,
        "record_number": 36942,
        "source": ".NET Runtime",
        "computer": "Hanu",
        "timestamp": "2026-09-27 12:26:54",
        "event_type": "OTHER"
    },
    {
        "experiment_id": "SYSMON-TEST-001",
        "event_id": 6000,
        "record_number": 36941,
        "source": "Wlclntfy",
        "computer": "Hanu",
        "timestamp": "2026-09-27 12:26:43",
        "event_type": "OTHER"
    },
    {
        "experiment_id": "SYSMON-TEST-001",
        "event_id": 6003,
        "record_number": 36940,
        "source": "Wlclntfy",
        "computer": "Hanu",
        "timestamp": "2026-09-27 12:26:42",
        "event_type": "OTHER"
    },
    {
        "experiment_id": "SYSMON-TEST-001",
        "event_id": 16394,
        "record_number": 36939,
        "source": "Software Protection Platform Service",
        "computer": "Hanu",
        "timestamp": "2026-09-27 12:26:34",
        "event_type": "OTHER"
    }
]